[parser.py] [atom] in
[parser.py] [definition] equal
[parser.py] [theorem] equal_reflection
[parser.py] [theorem] equal_replacement
[parser.py] [axiom] axiom_of_equal
[parser.py] [theorem] in_replacement
[parser.py] [definition] notin
[parser.py] [axiom] axiom_of_emptyset
[parser.py] [theorem] emptyset_exists_uniquely
[parser.py] [defcon] emptyset
[parser.py] [theorem] not_emptyset_has_a_member
[parser.py] [definition] subset
[parser.py] [theorem] subset_cor1
[parser.py] [theorem] subset_reflection
[parser.py] [theorem] subset_antisymmetry
[parser.py] [theorem] subset_trans
[checker.py] [Atom] type: PREDICATE, name: in, arity: 2
[checker.py] [Definition] type: PREDICATE, name: equal, arity: 2, formula: \forall x(\forall y(equal(x,y) \leftrightarrow \forall z(in(z,x) \leftrightarrow in(z,y))))
[checker.py] [Theorem] equal_reflection: \forall x(equal(x,x))
[checker.py]   [Any] Taking ['x']
[checker.py]     [Any] Taking ['y']
[checker.py]       [Assume] premise=in(y,x), conclusion=in(y,x)
[checker.py]       [Assume] Derived conclusion in(y,x)
[checker.py]       [Assume] Added implication in(y,x) \to in(y,x)
[checker.py]     [Any] Derived conclusion in(y,x) \leftrightarrow in(y,x)
[checker.py]     [Any] Generalized to \forall y(in(y,x) \leftrightarrow in(y,x))
[checker.py]   [Any] Derived conclusion equal(x,x)
[checker.py]   [Any] Generalized to \forall x(equal(x,x))
[checker.py] [Theorem] equal_reflection proved: \forall x(equal(x,x))
[checker.py] [Theorem] equal_replacement: \forall x(\forall y(\forall u(\forall v(equal(x,y) \wedge equal(u,v) \to equal(x,u) \to equal(y,v)))))
[checker.py]   [Any] Taking ['x', 'y', 'u', 'v']
[checker.py]     [Assume] premise=equal(x,y) \wedge equal(u,v), conclusion=equal(x,u) \to equal(y,v)
[checker.py]       [Assume] premise=equal(x,u), conclusion=equal(y,v)
[checker.py]         [Any] Taking ['p']
[checker.py]           [Assume] premise=in(p,y), conclusion=in(p,v)
[checker.py]             [Apply] Drivable fact: equal(x,y)
[checker.py]             [Apply] replace equal(x,y) to \forall z(in(z,x) \leftrightarrow in(z,y))
[checker.py]             [Apply] Instantiable: vars=['z'], env={'z': 'p'}
[checker.py]             [Apply] \forall-elimination is done: instantiation=in(p,x) \leftrightarrow in(p,y)
[checker.py]             [Apply] Matched: node.conclusion=in(p,x) \leftrightarrow in(p,y), instantiation=in(p,x) \leftrightarrow in(p,y)
[checker.py]             [Apply] Added node.conclusion=in(p,x) \leftrightarrow in(p,y)
[checker.py]             [Invoke] fact: in(p,y) \to in(p,x)
[checker.py]             [Invoke] Implies object: in(p,y) \to in(p,x)
[checker.py]             [Invoke] Left of Implies object derived: in(p,y)
[checker.py]             [Invoke] Matched: node.conclusion=in(p,x), node.fact.right=in(p,x)
[checker.py]             [Invoke] conclusion added: in(p,x)
[checker.py]             [Apply] Drivable fact: equal(x,u)
[checker.py]             [Apply] replace equal(x,u) to \forall z(in(z,x) \leftrightarrow in(z,u))
[checker.py]             [Apply] Instantiable: vars=['z'], env={'z': 'p'}
[checker.py]             [Apply] \forall-elimination is done: instantiation=in(p,x) \leftrightarrow in(p,u)
[checker.py]             [Apply] Matched: node.conclusion=in(p,x) \leftrightarrow in(p,u), instantiation=in(p,x) \leftrightarrow in(p,u)
[checker.py]             [Apply] Added node.conclusion=in(p,x) \leftrightarrow in(p,u)
[checker.py]             [Invoke] fact: in(p,x) \to in(p,u)
[checker.py]             [Invoke] Implies object: in(p,x) \to in(p,u)
[checker.py]             [Invoke] Left of Implies object derived: in(p,x)
[checker.py]             [Invoke] Matched: node.conclusion=in(p,u), node.fact.right=in(p,u)
[checker.py]             [Invoke] conclusion added: in(p,u)
[checker.py]             [Apply] Drivable fact: equal(u,v)
[checker.py]             [Apply] replace equal(u,v) to \forall z(in(z,u) \leftrightarrow in(z,v))
[checker.py]             [Apply] Instantiable: vars=['z'], env={'z': 'p'}
[checker.py]             [Apply] \forall-elimination is done: instantiation=in(p,u) \leftrightarrow in(p,v)
[checker.py]             [Apply] Matched: node.conclusion=in(p,u) \leftrightarrow in(p,v), instantiation=in(p,u) \leftrightarrow in(p,v)
[checker.py]             [Apply] Added node.conclusion=in(p,u) \leftrightarrow in(p,v)
[checker.py]             [Invoke] fact: in(p,u) \to in(p,v)
[checker.py]             [Invoke] Implies object: in(p,u) \to in(p,v)
[checker.py]             [Invoke] Left of Implies object derived: in(p,u)
[checker.py]             [Invoke] Matched: node.conclusion=in(p,v), node.fact.right=in(p,v)
[checker.py]             [Invoke] conclusion added: in(p,v)
[checker.py]           [Assume] Derived conclusion in(p,v)
[checker.py]           [Assume] Added implication in(p,y) \to in(p,v)
[checker.py]           [Assume] premise=in(p,v), conclusion=in(p,y)
[checker.py]             [Apply] Drivable fact: equal(u,v)
[checker.py]             [Apply] replace equal(u,v) to \forall z(in(z,u) \leftrightarrow in(z,v))
[checker.py]             [Apply] Instantiable: vars=['z'], env={'z': 'p'}
[checker.py]             [Apply] \forall-elimination is done: instantiation=in(p,u) \leftrightarrow in(p,v)
[checker.py]             [Apply] Matched: node.conclusion=in(p,u) \leftrightarrow in(p,v), instantiation=in(p,u) \leftrightarrow in(p,v)
[checker.py]             [Apply] Added node.conclusion=in(p,u) \leftrightarrow in(p,v)
[checker.py]             [Invoke] fact: in(p,v) \to in(p,u)
[checker.py]             [Invoke] Implies object: in(p,v) \to in(p,u)
[checker.py]             [Invoke] Left of Implies object derived: in(p,v)
[checker.py]             [Invoke] Matched: node.conclusion=in(p,u), node.fact.right=in(p,u)
[checker.py]             [Invoke] conclusion added: in(p,u)
[checker.py]             [Apply] Drivable fact: equal(x,u)
[checker.py]             [Apply] replace equal(x,u) to \forall z(in(z,x) \leftrightarrow in(z,u))
[checker.py]             [Apply] Instantiable: vars=['z'], env={'z': 'p'}
[checker.py]             [Apply] \forall-elimination is done: instantiation=in(p,x) \leftrightarrow in(p,u)
[checker.py]             [Apply] Matched: node.conclusion=in(p,x) \leftrightarrow in(p,u), instantiation=in(p,x) \leftrightarrow in(p,u)
[checker.py]             [Apply] Added node.conclusion=in(p,x) \leftrightarrow in(p,u)
[checker.py]             [Invoke] fact: in(p,u) \to in(p,x)
[checker.py]             [Invoke] Implies object: in(p,u) \to in(p,x)
[checker.py]             [Invoke] Left of Implies object derived: in(p,u)
[checker.py]             [Invoke] Matched: node.conclusion=in(p,x), node.fact.right=in(p,x)
[checker.py]             [Invoke] conclusion added: in(p,x)
[checker.py]             [Apply] Drivable fact: equal(x,y)
[checker.py]             [Apply] replace equal(x,y) to \forall z(in(z,x) \leftrightarrow in(z,y))
[checker.py]             [Apply] Instantiable: vars=['z'], env={'z': 'p'}
[checker.py]             [Apply] \forall-elimination is done: instantiation=in(p,x) \leftrightarrow in(p,y)
[checker.py]             [Apply] Matched: node.conclusion=in(p,x) \leftrightarrow in(p,y), instantiation=in(p,x) \leftrightarrow in(p,y)
[checker.py]             [Apply] Added node.conclusion=in(p,x) \leftrightarrow in(p,y)
[checker.py]             [Invoke] fact: in(p,x) \to in(p,y)
[checker.py]             [Invoke] Implies object: in(p,x) \to in(p,y)
[checker.py]             [Invoke] Left of Implies object derived: in(p,x)
[checker.py]             [Invoke] Matched: node.conclusion=in(p,y), node.fact.right=in(p,y)
[checker.py]             [Invoke] conclusion added: in(p,y)
[checker.py]           [Assume] Derived conclusion in(p,y)
[checker.py]           [Assume] Added implication in(p,v) \to in(p,y)
[checker.py]         [Any] Derived conclusion in(p,y) \leftrightarrow in(p,v)
[checker.py]         [Any] Generalized to \forall p(in(p,y) \leftrightarrow in(p,v))
[checker.py]       [Assume] Derived conclusion equal(y,v)
[checker.py]       [Assume] Added implication equal(x,u) \to equal(y,v)
[checker.py]     [Assume] Derived conclusion equal(x,u) \to equal(y,v)
[checker.py]     [Assume] Added implication equal(x,y) \wedge equal(u,v) \to equal(x,u) \to equal(y,v)
[checker.py]   [Any] Derived conclusion equal(x,y) \wedge equal(u,v) \to equal(x,u) \to equal(y,v)
[checker.py]   [Any] Generalized to \forall x(\forall y(\forall u(\forall v(equal(x,y) \wedge equal(u,v) \to equal(x,u) \to equal(y,v)))))
[checker.py] [Theorem] equal_replacement proved: \forall x(\forall y(\forall u(\forall v(equal(x,y) \wedge equal(u,v) \to equal(x,u) \to equal(y,v)))))
[checker.py] [Axiom] name: axiom_of_equal, conclusion: \forall x(\forall y(equal(x,y) \to \forall z(in(x,z) \to in(y,z))))
[checker.py] [Theorem] in_replacement: \forall x(\forall y(\forall u(\forall v(equal(x,y) \wedge equal(u,v) \to in(x,u) \to in(y,v)))))
[checker.py]   [Any] Taking ['x', 'y', 'u', 'v']
[checker.py]     [Assume] premise=equal(x,y) \wedge equal(u,v), conclusion=in(x,u) \to in(y,v)
[checker.py]       [Assume] premise=in(x,u), conclusion=in(y,v)
[checker.py]         [Apply] Drivable fact: axiom_of_equal
[checker.py]         [Apply] Instantiable: vars=['x', 'y'], env={'x': 'x', 'y': 'y'}
[checker.py]         [Apply] \forall-elimination is done: instantiation=equal(x,y) \to \forall z(in(x,z) \to in(y,z))
[checker.py]         [Apply] Matched: node.conclusion=equal(x,y) \to \forall z(in(x,z) \to in(y,z)), instantiation=equal(x,y) \to \forall z(in(x,z) \to in(y,z))
[checker.py]         [Apply] Added node.conclusion=equal(x,y) \to \forall z(in(x,z) \to in(y,z))
[checker.py]         [Invoke] fact: equal(x,y) \to \forall z(in(x,z) \to in(y,z))
[checker.py]         [Invoke] Implies object: equal(x,y) \to \forall z(in(x,z) \to in(y,z))
[checker.py]         [Invoke] Left of Implies object derived: equal(x,y)
[checker.py]         [Invoke] Matched: node.conclusion=\forall z(in(x,z) \to in(y,z)), node.fact.right=\forall z(in(x,z) \to in(y,z))
[checker.py]         [Invoke] conclusion added: \forall z(in(x,z) \to in(y,z))
[checker.py]         [Apply] Drivable fact: \forall z(in(x,z) \to in(y,z))
[checker.py]         [Apply] Instantiable: vars=['z'], env={'z': 'u'}
[checker.py]         [Apply] \forall-elimination is done: instantiation=in(x,u) \to in(y,u)
[checker.py]         [Apply] Matched: node.conclusion=in(x,u) \to in(y,u), instantiation=in(x,u) \to in(y,u)
[checker.py]         [Apply] Added node.conclusion=in(x,u) \to in(y,u)
[checker.py]         [Invoke] fact: in(x,u) \to in(y,u)
[checker.py]         [Invoke] Implies object: in(x,u) \to in(y,u)
[checker.py]         [Invoke] Left of Implies object derived: in(x,u)
[checker.py]         [Invoke] Matched: node.conclusion=in(y,u), node.fact.right=in(y,u)
[checker.py]         [Invoke] conclusion added: in(y,u)
[checker.py]         [Expand] fact: equal(u,v)
[checker.py]         [Expand] Symbol object: equal(u,v)
[checker.py]         [Expand] Defined: equal
[checker.py]         [Expand] Length matched: vars=['x', 'y'], node.fact.args=['u', 'v']
[checker.py]         [Expand] Expanded: \forall z(in(z,u) \leftrightarrow in(z,v))
[checker.py]         [Expand] Matched: node.conclusion=\forall z(in(z,u) \leftrightarrow in(z,v)), expanded=\forall z(in(z,u) \leftrightarrow in(z,v))
[checker.py]         [Expand] Added: \forall z(in(z,u) \leftrightarrow in(z,v))
[checker.py]         [Apply] Drivable fact: \forall z(in(z,u) \leftrightarrow in(z,v))
[checker.py]         [Apply] Instantiable: vars=['z'], env={'z': 'y'}
[checker.py]         [Apply] \forall-elimination is done: instantiation=in(y,u) \leftrightarrow in(y,v)
[checker.py]         [Apply] Matched: node.conclusion=in(y,u) \leftrightarrow in(y,v), instantiation=in(y,u) \leftrightarrow in(y,v)
[checker.py]         [Apply] Added node.conclusion=in(y,u) \leftrightarrow in(y,v)
[checker.py]         [Invoke] fact: in(y,u) \to in(y,v)
[checker.py]         [Invoke] Implies object: in(y,u) \to in(y,v)
[checker.py]         [Invoke] Left of Implies object derived: in(y,u)
[checker.py]         [Invoke] Matched: node.conclusion=in(y,v), node.fact.right=in(y,v)
[checker.py]         [Invoke] conclusion added: in(y,v)
[checker.py]       [Assume] Derived conclusion in(y,v)
[checker.py]       [Assume] Added implication in(x,u) \to in(y,v)
[checker.py]     [Assume] Derived conclusion in(x,u) \to in(y,v)
[checker.py]     [Assume] Added implication equal(x,y) \wedge equal(u,v) \to in(x,u) \to in(y,v)
[checker.py]   [Any] Derived conclusion equal(x,y) \wedge equal(u,v) \to in(x,u) \to in(y,v)
[checker.py]   [Any] Generalized to \forall x(\forall y(\forall u(\forall v(equal(x,y) \wedge equal(u,v) \to in(x,u) \to in(y,v)))))
[checker.py] [Theorem] in_replacement proved: \forall x(\forall y(\forall u(\forall v(equal(x,y) \wedge equal(u,v) \to in(x,u) \to in(y,v)))))
[checker.py] [Definition] type: PREDICATE, name: notin, arity: 2, formula: \forall x(\forall y(notin(x,y) \leftrightarrow \neg(in(x,y))))
[checker.py] [Axiom] name: axiom_of_emptyset, conclusion: \exists x(\forall y(notin(y,x)))
[checker.py] [Theorem] emptyset_exists_uniquely: \exists! x(\forall y(notin(y,x)))
[checker.py]   [Some] derivable: axiom_of_emptyset
[checker.py]   [Some] Taking dict_values(['x']), premise=\forall y(notin(y,x))
[checker.py]     [Any] Taking ["x'"]
[checker.py]       [Assume] premise=\forall y(notin(y,x')), conclusion=equal(x',x)
[checker.py]         [Any] Taking ['y']
[checker.py]           [Assume] premise=in(y,x'), conclusion=in(y,x)
[checker.py]             [Apply] Drivable fact: \forall y(notin(y,x'))
[checker.py]             [Apply] Instantiable: vars=['y'], env={'y': 'y'}
[checker.py]             [Apply] \forall-elimination is done: instantiation=notin(y,x')
[checker.py]             [Apply] Matched: node.conclusion=notin(y,x'), instantiation=notin(y,x')
[checker.py]             [Apply] Added node.conclusion=notin(y,x')
[checker.py]             [Contradict] Derived contradiction: in(y,x'), \neg(in(y,x'))
[checker.py]             [Explode] added in(y,x)
[checker.py]           [Assume] Derived conclusion in(y,x)
[checker.py]           [Assume] Added implication in(y,x') \to in(y,x)
[checker.py]           [Assume] premise=in(y,x), conclusion=in(y,x')
[checker.py]             [Apply] Drivable fact: \forall y(notin(y,x))
[checker.py]             [Apply] Instantiable: vars=['y'], env={'y': 'y'}
[checker.py]             [Apply] \forall-elimination is done: instantiation=notin(y,x)
[checker.py]             [Apply] Matched: node.conclusion=notin(y,x), instantiation=notin(y,x)
[checker.py]             [Apply] Added node.conclusion=notin(y,x)
[checker.py]             [Contradict] Derived contradiction: in(y,x), \neg(in(y,x))
[checker.py]             [Explode] added in(y,x')
[checker.py]           [Assume] Derived conclusion in(y,x')
[checker.py]           [Assume] Added implication in(y,x) \to in(y,x')
[checker.py]         [Any] Derived conclusion in(y,x') \leftrightarrow in(y,x)
[checker.py]         [Any] Generalized to \forall y(in(y,x') \leftrightarrow in(y,x))
[checker.py]       [Assume] Derived conclusion equal(x',x)
[checker.py]       [Assume] Added implication \forall y(notin(y,x')) \to equal(x',x)
[checker.py]     [Any] Derived conclusion \forall y(notin(y,x')) \to equal(x',x)
[checker.py]     [Any] Generalized to \forall x'(\forall y(notin(y,x')) \to equal(x',x))
[checker.py]     [Characterize] Derived: \forall y(notin(y,x))
[checker.py]     [Characterize] Valid env: vars=['x'], env={'x': 'x'}
[checker.py]     [Characterize] Matched: node.fact.left=\forall y(notin(y,x)), node.fact.right.body.left=\forall y(notin(y,x'))
[checker.py]     [Characterized] Expected: node.fact.right.body.right=equal(x',x)
[checker.py]     [Characterize] derived formula: \exists! x(\forall y(notin(y,x)))
[checker.py]     [Characterize] Matched: node.conclusion=\exists! x(\forall y(notin(y,x))), derived=\exists! x(\forall y(notin(y,x)))
[checker.py]   [Some] derived conclusion \exists! x(\forall y(notin(y,x)))
[checker.py]   [Some] Added \exists! x(\forall y(notin(y,x)))
[checker.py] [Theorem] emptyset_exists_uniquely proved: \exists! x(\forall y(notin(y,x)))
[checker.py] [DefCon] name: emptyset, theorem: emptyset_exists_uniquely, formula: Forall(var='y', body=Symbol(name='notin', args=['y', 'emptyset']))
[checker.py] [Theorem] not_emptyset_has_a_member: \forall x(\neg(equal(x,emptyset)) \to \exists y(in(y,x)))
[checker.py]   [Any] Taking ['x']
[checker.py]     [Assume] premise=\neg(equal(x,emptyset)), conclusion=\exists y(in(y,x))
[checker.py]       [Deny] premise=\neg(\exists y(in(y,x)))
[checker.py]         [Any] Taking ['y']
[checker.py]           [Deny] premise=in(y,x)
[checker.py]             [Lift] fact: in(y,x)
[checker.py]             [Lift] Can be lifted: vars=['x', 'y'], env={'y': 'y'}
[checker.py]             [Lift] lifted formula: \exists y(in(y,x))
[checker.py]             [Lift] Matched: node.conclusion=\exists y(in(y,x)), lifted=\exists y(in(y,x))
[checker.py]             [Contradict] Derived contradiction: \exists y(in(y,x)), \neg(\exists y(in(y,x)))
[checker.py]           [Deny] contradiction is derived; added \neg(in(y,x))
[checker.py]         [Any] Derived conclusion notin(y,x)
[checker.py]         [Any] Generalized to \forall y(notin(y,x))
[checker.py]         [Identify] Derivable: \forall y(notin(y,x))
[checker.py]         [Identify] Add conclusion: equal(x,emptyset)
[checker.py]         [Contradict] Derived contradiction: equal(x,emptyset), \neg(equal(x,emptyset))
[checker.py]       [Deny] contradiction is derived; added \neg(\neg(\exists y(in(y,x))))
[checker.py]     [Assume] Derived conclusion \exists y(in(y,x))
[checker.py]     [Assume] Added implication \neg(equal(x,emptyset)) \to \exists y(in(y,x))
[checker.py]   [Any] Derived conclusion \neg(equal(x,emptyset)) \to \exists y(in(y,x))
[checker.py]   [Any] Generalized to \forall x(\neg(equal(x,emptyset)) \to \exists y(in(y,x)))
[checker.py] [Theorem] not_emptyset_has_a_member proved: \forall x(\neg(equal(x,emptyset)) \to \exists y(in(y,x)))
[checker.py] [Definition] type: PREDICATE, name: subset, arity: 2, formula: \forall x(\forall y(subset(x,y) \leftrightarrow \forall z(in(z,x) \to in(z,y))))
[checker.py] [Theorem] subset_cor1: \forall z(\forall x(\forall y(in(z,x) \wedge subset(x,y) \to in(z,y))))
[checker.py]   [Any] Taking ['x', 'y', 'z']
[checker.py]     [Assume] premise=in(z,x) \wedge subset(x,y), conclusion=in(z,y)
[checker.py]       [Expand] fact: subset(x,y)
[checker.py]       [Expand] Symbol object: subset(x,y)
[checker.py]       [Expand] Defined: subset
[checker.py]       [Expand] Length matched: vars=['x', 'y'], node.fact.args=['x', 'y']
[checker.py]       [Expand] Expanded: \forall z(in(z,x) \to in(z,y))
[checker.py]       [Expand] Matched: node.conclusion=\forall z(in(z,x) \to in(z,y)), expanded=\forall z(in(z,x) \to in(z,y))
[checker.py]       [Expand] Added: \forall z(in(z,x) \to in(z,y))
[checker.py]       [Apply] Drivable fact: \forall z(in(z,x) \to in(z,y))
[checker.py]       [Apply] Instantiable: vars=['z'], env={'z': 'z'}
[checker.py]       [Apply] \forall-elimination is done: instantiation=in(z,x) \to in(z,y)
[checker.py]       [Apply] Matched: node.conclusion=in(z,x) \to in(z,y), instantiation=in(z,x) \to in(z,y)
[checker.py]       [Apply] Added node.conclusion=in(z,x) \to in(z,y)
[checker.py]       [Invoke] fact: in(z,x) \to in(z,y)
[checker.py]       [Invoke] Implies object: in(z,x) \to in(z,y)
[checker.py]       [Invoke] Left of Implies object derived: in(z,x)
[checker.py]       [Invoke] Matched: node.conclusion=in(z,y), node.fact.right=in(z,y)
[checker.py]       [Invoke] conclusion added: in(z,y)
[checker.py]     [Assume] Derived conclusion in(z,y)
[checker.py]     [Assume] Added implication in(z,x) \wedge subset(x,y) \to in(z,y)
[checker.py]   [Any] Derived conclusion in(z,x) \wedge subset(x,y) \to in(z,y)
[checker.py]   [Any] Generalized to \forall x(\forall y(\forall z(in(z,x) \wedge subset(x,y) \to in(z,y))))
[checker.py] [Theorem] subset_cor1 proved: \forall z(\forall x(\forall y(in(z,x) \wedge subset(x,y) \to in(z,y))))
[checker.py] [Theorem] subset_reflection: \forall x(subset(x,x))
[checker.py]   [Any] Taking ['x']
[checker.py]     [Any] Taking ['y']
[checker.py]       [Assume] premise=in(y,x), conclusion=in(y,x)
[checker.py]       [Assume] Derived conclusion in(y,x)
[checker.py]       [Assume] Added implication in(y,x) \to in(y,x)
[checker.py]     [Any] Derived conclusion in(y,x) \to in(y,x)
[checker.py]     [Any] Generalized to \forall y(in(y,x) \to in(y,x))
[checker.py]   [Any] Derived conclusion subset(x,x)
[checker.py]   [Any] Generalized to \forall x(subset(x,x))
[checker.py] [Theorem] subset_reflection proved: \forall x(subset(x,x))
[checker.py] [Theorem] subset_antisymmetry: \forall x(\forall y(subset(x,y) \wedge subset(y,x) \to equal(x,y)))
[checker.py]   [Any] Taking ['x', 'y']
[checker.py]     [Assume] premise=subset(x,y) \wedge subset(y,x), conclusion=equal(x,y)
[checker.py]       [Any] Taking ['z']
[checker.py]         [Assume] premise=in(z,x), conclusion=in(z,y)
[checker.py]           [Apply] Drivable fact: subset_cor1
[checker.py]           [Apply] Instantiable: vars=['z', 'x', 'y'], env={'z': 'z', 'x': 'x', 'y': 'y'}
[checker.py]           [Apply] \forall-elimination is done: instantiation=in(z,x) \wedge subset(x,y) \to in(z,y)
[checker.py]           [Apply] Matched: node.conclusion=in(z,x) \wedge subset(x,y) \to in(z,y), instantiation=in(z,x) \wedge subset(x,y) \to in(z,y)
[checker.py]           [Apply] Added node.conclusion=in(z,x) \wedge subset(x,y) \to in(z,y)
[checker.py]           [Invoke] fact: in(z,x) \wedge subset(x,y) \to in(z,y)
[checker.py]           [Invoke] Implies object: in(z,x) \wedge subset(x,y) \to in(z,y)
[checker.py]           [Invoke] Left of Implies object derived: in(z,x) \wedge subset(x,y)
[checker.py]           [Invoke] Matched: node.conclusion=in(z,y), node.fact.right=in(z,y)
[checker.py]           [Invoke] conclusion added: in(z,y)
[checker.py]         [Assume] Derived conclusion in(z,y)
[checker.py]         [Assume] Added implication in(z,x) \to in(z,y)
[checker.py]         [Assume] premise=in(z,y), conclusion=in(z,x)
[checker.py]           [Apply] Drivable fact: subset_cor1
[checker.py]           [Apply] Instantiable: vars=['z', 'x', 'y'], env={'z': 'z', 'x': 'y', 'y': 'x'}
[checker.py]           [Apply] \forall-elimination is done: instantiation=in(z,y) \wedge subset(y,x) \to in(z,x)
[checker.py]           [Apply] Matched: node.conclusion=in(z,y) \wedge subset(y,x) \to in(z,x), instantiation=in(z,y) \wedge subset(y,x) \to in(z,x)
[checker.py]           [Apply] Added node.conclusion=in(z,y) \wedge subset(y,x) \to in(z,x)
[checker.py]           [Invoke] fact: in(z,y) \wedge subset(y,x) \to in(z,x)
[checker.py]           [Invoke] Implies object: in(z,y) \wedge subset(y,x) \to in(z,x)
[checker.py]           [Invoke] Left of Implies object derived: in(z,y) \wedge subset(y,x)
[checker.py]           [Invoke] Matched: node.conclusion=in(z,x), node.fact.right=in(z,x)
[checker.py]           [Invoke] conclusion added: in(z,x)
[checker.py]         [Assume] Derived conclusion in(z,x)
[checker.py]         [Assume] Added implication in(z,y) \to in(z,x)
[checker.py]       [Any] Derived conclusion in(z,x) \leftrightarrow in(z,y)
[checker.py]       [Any] Generalized to \forall z(in(z,x) \leftrightarrow in(z,y))
[checker.py]     [Assume] Derived conclusion equal(x,y)
[checker.py]     [Assume] Added implication subset(x,y) \wedge subset(y,x) \to equal(x,y)
[checker.py]   [Any] Derived conclusion subset(x,y) \wedge subset(y,x) \to equal(x,y)
[checker.py]   [Any] Generalized to \forall x(\forall y(subset(x,y) \wedge subset(y,x) \to equal(x,y)))
[checker.py] [Theorem] subset_antisymmetry proved: \forall x(\forall y(subset(x,y) \wedge subset(y,x) \to equal(x,y)))
[checker.py] [Theorem] subset_trans: \forall x(\forall y(\forall z(subset(x,y) \wedge subset(y,z) \to subset(x,z))))
[checker.py]   [Any] Taking ['x', 'y', 'z']
[checker.py]     [Assume] premise=subset(x,y) \wedge subset(y,z), conclusion=subset(x,z)
[checker.py]       [Any] Taking ['w']
[checker.py]         [Assume] premise=in(w,x), conclusion=in(w,z)
[checker.py]           [Apply] Drivable fact: subset_cor1
[checker.py]           [Apply] Instantiable: vars=['z', 'x', 'y'], env={'z': 'w', 'x': 'x', 'y': 'y'}
[checker.py]           [Apply] \forall-elimination is done: instantiation=in(w,x) \wedge subset(x,y) \to in(w,y)
[checker.py]           [Apply] Matched: node.conclusion=in(w,x) \wedge subset(x,y) \to in(w,y), instantiation=in(w,x) \wedge subset(x,y) \to in(w,y)
[checker.py]           [Apply] Added node.conclusion=in(w,x) \wedge subset(x,y) \to in(w,y)
[checker.py]           [Invoke] fact: in(w,x) \wedge subset(x,y) \to in(w,y)
[checker.py]           [Invoke] Implies object: in(w,x) \wedge subset(x,y) \to in(w,y)
[checker.py]           [Invoke] Left of Implies object derived: in(w,x) \wedge subset(x,y)
[checker.py]           [Invoke] Matched: node.conclusion=in(w,y), node.fact.right=in(w,y)
[checker.py]           [Invoke] conclusion added: in(w,y)
[checker.py]           [Apply] Drivable fact: subset_cor1
[checker.py]           [Apply] Instantiable: vars=['z', 'x', 'y'], env={'z': 'w', 'x': 'y', 'y': 'z'}
[checker.py]           [Apply] \forall-elimination is done: instantiation=in(w,y) \wedge subset(y,z) \to in(w,z)
[checker.py]           [Apply] Matched: node.conclusion=in(w,y) \wedge subset(y,z) \to in(w,z), instantiation=in(w,y) \wedge subset(y,z) \to in(w,z)
[checker.py]           [Apply] Added node.conclusion=in(w,y) \wedge subset(y,z) \to in(w,z)
[checker.py]           [Invoke] fact: in(w,y) \wedge subset(y,z) \to in(w,z)
[checker.py]           [Invoke] Implies object: in(w,y) \wedge subset(y,z) \to in(w,z)
[checker.py]           [Invoke] Left of Implies object derived: in(w,y) \wedge subset(y,z)
[checker.py]           [Invoke] Matched: node.conclusion=in(w,z), node.fact.right=in(w,z)
[checker.py]           [Invoke] conclusion added: in(w,z)
[checker.py]         [Assume] Derived conclusion in(w,z)
[checker.py]         [Assume] Added implication in(w,x) \to in(w,z)
[checker.py]       [Any] Derived conclusion in(w,x) \to in(w,z)
[checker.py]       [Any] Generalized to \forall w(in(w,x) \to in(w,z))
[checker.py]     [Assume] Derived conclusion subset(x,z)
[checker.py]     [Assume] Added implication subset(x,y) \wedge subset(y,z) \to subset(x,z)
[checker.py]   [Any] Derived conclusion subset(x,y) \wedge subset(y,z) \to subset(x,z)
[checker.py]   [Any] Generalized to \forall x(\forall y(\forall z(subset(x,y) \wedge subset(y,z) \to subset(x,z))))
[checker.py] [Theorem] subset_trans proved: \forall x(\forall y(\forall z(subset(x,y) \wedge subset(y,z) \to subset(x,z))))
